<?xml version="1.0" encoding="UTF-8"?>
<testng-results ignored="0" total="2" passed="2" failed="0" skipped="0">
  <reporter-output>
  </reporter-output>
  <suite started-at="2023-07-28T12:26:05 BDT" name="Default suite" finished-at="2023-07-28T12:26:41 BDT" duration-ms="36541">
    <groups>
    </groups>
    <test started-at="2023-07-28T12:26:05 BDT" name="Default test" finished-at="2023-07-28T12:26:41 BDT" duration-ms="36541">
      <class name="com.myFileZillaTest.FileZillaTest">
        <test-method is-config="true" signature="setUp()[pri:0, instance:com.myFileZillaTest.FileZillaTest@b62d79]" started-at="2023-07-28T12:26:05 BDT" name="setUp" finished-at="2023-07-28T12:26:07 BDT" duration-ms="1621" status="PASS">
          <reporter-output>
          </reporter-output>
        </test-method> <!-- setUp -->
        <test-method signature="testFtpConnection()[pri:1, instance:com.myFileZillaTest.FileZillaTest@b62d79]" started-at="2023-07-28T12:26:07 BDT" name="testFtpConnection" description="Connect to a server" finished-at="2023-07-28T12:26:32 BDT" duration-ms="25173" status="PASS">
          <reporter-output>
          </reporter-output>
        </test-method> <!-- testFtpConnection -->
        <test-method is-config="true" signature="quitDriver()[pri:0, instance:com.myFileZillaTest.FileZillaTest@b62d79]" started-at="2023-07-28T12:26:32 BDT" name="quitDriver" finished-at="2023-07-28T12:26:32 BDT" duration-ms="131" status="PASS">
          <reporter-output>
          </reporter-output>
        </test-method> <!-- quitDriver -->
        <test-method is-config="true" signature="setUp()[pri:0, instance:com.myFileZillaTest.FileZillaTest@b62d79]" started-at="2023-07-28T12:26:32 BDT" name="setUp" finished-at="2023-07-28T12:26:33 BDT" duration-ms="1382" status="PASS">
          <reporter-output>
          </reporter-output>
        </test-method> <!-- setUp -->
        <test-method signature="traverseMenu()[pri:2, instance:com.myFileZillaTest.FileZillaTest@b62d79]" started-at="2023-07-28T12:26:33 BDT" name="traverseMenu" description="Traverse FileZilla" finished-at="2023-07-28T12:26:41 BDT" duration-ms="8003" status="PASS">
          <reporter-output>
          </reporter-output>
        </test-method> <!-- traverseMenu -->
        <test-method is-config="true" signature="quitDriver()[pri:0, instance:com.myFileZillaTest.FileZillaTest@b62d79]" started-at="2023-07-28T12:26:41 BDT" name="quitDriver" finished-at="2023-07-28T12:26:41 BDT" duration-ms="186" status="PASS">
          <reporter-output>
          </reporter-output>
        </test-method> <!-- quitDriver -->
      </class> <!-- com.myFileZillaTest.FileZillaTest -->
    </test> <!-- Default test -->
  </suite> <!-- Default suite -->
</testng-results>
